<?xml version="1.0" encoding="UTF-8"?>
<testsuite xmlns:xsi="http://www.w3.org/2001/XMLSchema-instance" xsi:noNamespaceSchemaLocation="https://maven.apache.org/surefire/maven-surefire-plugin/xsd/surefire-test-report-3.0.xsd" version="3.0" name="com.yucl.learn.demo.jdt.test.StandaloneParserTest" time="0.418" tests="1" errors="0" skipped="0" failures="0">
  <properties>
[...]
</properties>
  <testcase name="test" classname="com.yucl.learn.demo.jdt.test.StandaloneParserTest" time="0.418">
    <system-out><![CDATA[Declaration of 'i' at line 1
Usage of 'i' at line 1
Declaration of 'j' at line 2
Usage of 'j' at line 2
Declaration of 'al' at line 3
Usage of 'al' at line 3
Usage of 'j' at line 6
]]></system-out>
  </testcase>
</testsuite>